1771458070.536237 client started (20671): version 3.4, socket /tmp/tmux-1000/default, protocol 8
1771458070.536342 on Linux 6.17.0-14-generic #14~24.04.1-Ubuntu SMP PREEMPT_DYNAMIC Thu Jan 15 15:52:10 UTC 2
1771458070.536355 using libevent 2.1.12-stable poll
1771458070.536365 using ncurses 6.4 20240113
1771458070.536430 flags are 0x10010000
1771458070.536463 socket is /tmp/tmux-1000/default
1771458070.536491 trying connect
1771458070.536689 add peer 0x5d1d7d59b1a0: 6 ((nil))
1771458070.537695 sending message 100 to peer 0x5d1d7d59b1a0 (4 bytes)
1771458070.537722 sending message 111 to peer 0x5d1d7d59b1a0 (8 bytes)
1771458070.537733 sending message 101 to peer 0x5d1d7d59b1a0 (14 bytes)
1771458070.537742 sending message 109 to peer 0x5d1d7d59b1a0 (4 bytes)
1771458070.537751 sending message 102 to peer 0x5d1d7d59b1a0 (11 bytes)
1771458070.537760 sending message 108 to peer 0x5d1d7d59b1a0 (24 bytes)
1771458070.537769 sending message 112 to peer 0x5d1d7d59b1a0 (70 bytes)
1771458070.537778 sending message 112 to peer 0x5d1d7d59b1a0 (5 bytes)
1771458070.537787 sending message 112 to peer 0x5d1d7d59b1a0 (5 bytes)
1771458070.537796 sending message 112 to peer 0x5d1d7d59b1a0 (6 bytes)
1771458070.537805 sending message 112 to peer 0x5d1d7d59b1a0 (6 bytes)
1771458070.537814 sending message 112 to peer 0x5d1d7d59b1a0 (11 bytes)
1771458070.537823 sending message 112 to peer 0x5d1d7d59b1a0 (10 bytes)
1771458070.537831 sending message 112 to peer 0x5d1d7d59b1a0 (13 bytes)
1771458070.537840 sending message 112 to peer 0x5d1d7d59b1a0 (13 bytes)
1771458070.537849 sending message 112 to peer 0x5d1d7d59b1a0 (18 bytes)
1771458070.537857 sending message 112 to peer 0x5d1d7d59b1a0 (11 bytes)
1771458070.537866 sending message 112 to peer 0x5d1d7d59b1a0 (10 bytes)
1771458070.537874 sending message 112 to peer 0x5d1d7d59b1a0 (15 bytes)
1771458070.537883 sending message 112 to peer 0x5d1d7d59b1a0 (21 bytes)
1771458070.537892 sending message 112 to peer 0x5d1d7d59b1a0 (13 bytes)
1771458070.537901 sending message 112 to peer 0x5d1d7d59b1a0 (7 bytes)
1771458070.537909 sending message 112 to peer 0x5d1d7d59b1a0 (13 bytes)
1771458070.537918 sending message 112 to peer 0x5d1d7d59b1a0 (7 bytes)
1771458070.537927 sending message 112 to peer 0x5d1d7d59b1a0 (13 bytes)
1771458070.537935 sending message 112 to peer 0x5d1d7d59b1a0 (9 bytes)
1771458070.537944 sending message 112 to peer 0x5d1d7d59b1a0 (21 bytes)
1771458070.537952 sending message 112 to peer 0x5d1d7d59b1a0 (13 bytes)
1771458070.537961 sending message 112 to peer 0x5d1d7d59b1a0 (8 bytes)
1771458070.537970 sending message 112 to peer 0x5d1d7d59b1a0 (12 bytes)
1771458070.537978 sending message 112 to peer 0x5d1d7d59b1a0 (13 bytes)
1771458070.537987 sending message 112 to peer 0x5d1d7d59b1a0 (9 bytes)
1771458070.537996 sending message 112 to peer 0x5d1d7d59b1a0 (9 bytes)
1771458070.538004 sending message 112 to peer 0x5d1d7d59b1a0 (12 bytes)
1771458070.538013 sending message 112 to peer 0x5d1d7d59b1a0 (8 bytes)
1771458070.538022 sending message 112 to peer 0x5d1d7d59b1a0 (8 bytes)
1771458070.538030 sending message 112 to peer 0x5d1d7d59b1a0 (7 bytes)
1771458070.538039 sending message 112 to peer 0x5d1d7d59b1a0 (7 bytes)
1771458070.538047 sending message 112 to peer 0x5d1d7d59b1a0 (9 bytes)
1771458070.538056 sending message 112 to peer 0x5d1d7d59b1a0 (13 bytes)
1771458070.538065 sending message 112 to peer 0x5d1d7d59b1a0 (6 bytes)
1771458070.538073 sending message 112 to peer 0x5d1d7d59b1a0 (9 bytes)
1771458070.538082 sending message 112 to peer 0x5d1d7d59b1a0 (15 bytes)
1771458070.538090 sending message 112 to peer 0x5d1d7d59b1a0 (13 bytes)
1771458070.538099 sending message 112 to peer 0x5d1d7d59b1a0 (12 bytes)
1771458070.538108 sending message 112 to peer 0x5d1d7d59b1a0 (8 bytes)
1771458070.538117 sending message 112 to peer 0x5d1d7d59b1a0 (14 bytes)
1771458070.538126 sending message 112 to peer 0x5d1d7d59b1a0 (11 bytes)
1771458070.538135 sending message 112 to peer 0x5d1d7d59b1a0 (9 bytes)
1771458070.538144 sending message 112 to peer 0x5d1d7d59b1a0 (10 bytes)
1771458070.538152 sending message 112 to peer 0x5d1d7d59b1a0 (10 bytes)
1771458070.538179 sending message 112 to peer 0x5d1d7d59b1a0 (10 bytes)
1771458070.538189 sending message 112 to peer 0x5d1d7d59b1a0 (10 bytes)
1771458070.538197 sending message 112 to peer 0x5d1d7d59b1a0 (11 bytes)
1771458070.538206 sending message 112 to peer 0x5d1d7d59b1a0 (12 bytes)
1771458070.538215 sending message 112 to peer 0x5d1d7d59b1a0 (12 bytes)
1771458070.538224 sending message 112 to peer 0x5d1d7d59b1a0 (12 bytes)
1771458070.538232 sending message 112 to peer 0x5d1d7d59b1a0 (12 bytes)
1771458070.538241 sending message 112 to peer 0x5d1d7d59b1a0 (12 bytes)
1771458070.538268 sending message 112 to peer 0x5d1d7d59b1a0 (11 bytes)
1771458070.538277 sending message 112 to peer 0x5d1d7d59b1a0 (11 bytes)
1771458070.538285 sending message 112 to peer 0x5d1d7d59b1a0 (12 bytes)
1771458070.538294 sending message 112 to peer 0x5d1d7d59b1a0 (12 bytes)
1771458070.538303 sending message 112 to peer 0x5d1d7d59b1a0 (12 bytes)
1771458070.538311 sending message 112 to peer 0x5d1d7d59b1a0 (12 bytes)
1771458070.538320 sending message 112 to peer 0x5d1d7d59b1a0 (12 bytes)
1771458070.538329 sending message 112 to peer 0x5d1d7d59b1a0 (10 bytes)
1771458070.538337 sending message 112 to peer 0x5d1d7d59b1a0 (12 bytes)
1771458070.538346 sending message 112 to peer 0x5d1d7d59b1a0 (13 bytes)
1771458070.538355 sending message 112 to peer 0x5d1d7d59b1a0 (13 bytes)
1771458070.538363 sending message 112 to peer 0x5d1d7d59b1a0 (13 bytes)
1771458070.538372 sending message 112 to peer 0x5d1d7d59b1a0 (13 bytes)
1771458070.538381 sending message 112 to peer 0x5d1d7d59b1a0 (13 bytes)
1771458070.538389 sending message 112 to peer 0x5d1d7d59b1a0 (8 bytes)
1771458070.538398 sending message 112 to peer 0x5d1d7d59b1a0 (11 bytes)
1771458070.538407 sending message 112 to peer 0x5d1d7d59b1a0 (11 bytes)
1771458070.538416 sending message 112 to peer 0x5d1d7d59b1a0 (11 bytes)
1771458070.538424 sending message 112 to peer 0x5d1d7d59b1a0 (12 bytes)
1771458070.538433 sending message 112 to peer 0x5d1d7d59b1a0 (12 bytes)
1771458070.538442 sending message 112 to peer 0x5d1d7d59b1a0 (12 bytes)
1771458070.538450 sending message 112 to peer 0x5d1d7d59b1a0 (12 bytes)
1771458070.538459 sending message 112 to peer 0x5d1d7d59b1a0 (13 bytes)
1771458070.538467 sending message 112 to peer 0x5d1d7d59b1a0 (13 bytes)
1771458070.538476 sending message 112 to peer 0x5d1d7d59b1a0 (13 bytes)
1771458070.538484 sending message 112 to peer 0x5d1d7d59b1a0 (8 bytes)
1771458070.538493 sending message 112 to peer 0x5d1d7d59b1a0 (13 bytes)
1771458070.538502 sending message 112 to peer 0x5d1d7d59b1a0 (13 bytes)
1771458070.538510 sending message 112 to peer 0x5d1d7d59b1a0 (13 bytes)
1771458070.538519 sending message 112 to peer 0x5d1d7d59b1a0 (13 bytes)
1771458070.538528 sending message 112 to peer 0x5d1d7d59b1a0 (13 bytes)
1771458070.538536 sending message 112 to peer 0x5d1d7d59b1a0 (12 bytes)
1771458070.538545 sending message 112 to peer 0x5d1d7d59b1a0 (12 bytes)
1771458070.538554 sending message 112 to peer 0x5d1d7d59b1a0 (12 bytes)
1771458070.538562 sending message 112 to peer 0x5d1d7d59b1a0 (12 bytes)
1771458070.538571 sending message 112 to peer 0x5d1d7d59b1a0 (13 bytes)
1771458070.538579 sending message 112 to peer 0x5d1d7d59b1a0 (8 bytes)
1771458070.538588 sending message 112 to peer 0x5d1d7d59b1a0 (13 bytes)
1771458070.538597 sending message 112 to peer 0x5d1d7d59b1a0 (13 bytes)
1771458070.538605 sending message 112 to peer 0x5d1d7d59b1a0 (13 bytes)
1771458070.538614 sending message 112 to peer 0x5d1d7d59b1a0 (13 bytes)
1771458070.538622 sending message 112 to peer 0x5d1d7d59b1a0 (13 bytes)
1771458070.538631 sending message 112 to peer 0x5d1d7d59b1a0 (13 bytes)
1771458070.538639 sending message 112 to peer 0x5d1d7d59b1a0 (13 bytes)
1771458070.538648 sending message 112 to peer 0x5d1d7d59b1a0 (12 bytes)
1771458070.538657 sending message 112 to peer 0x5d1d7d59b1a0 (12 bytes)
1771458070.538665 sending message 112 to peer 0x5d1d7d59b1a0 (12 bytes)
1771458070.538674 sending message 112 to peer 0x5d1d7d59b1a0 (8 bytes)
1771458070.538683 sending message 112 to peer 0x5d1d7d59b1a0 (12 bytes)
1771458070.538701 sending message 112 to peer 0x5d1d7d59b1a0 (13 bytes)
1771458070.538710 sending message 112 to peer 0x5d1d7d59b1a0 (13 bytes)
1771458070.538719 sending message 112 to peer 0x5d1d7d59b1a0 (13 bytes)
1771458070.538728 sending message 112 to peer 0x5d1d7d59b1a0 (13 bytes)
1771458070.538737 sending message 112 to peer 0x5d1d7d59b1a0 (13 bytes)
1771458070.538745 sending message 112 to peer 0x5d1d7d59b1a0 (13 bytes)
1771458070.538754 sending message 112 to peer 0x5d1d7d59b1a0 (13 bytes)
1771458070.538762 sending message 112 to peer 0x5d1d7d59b1a0 (13 bytes)
1771458070.538771 sending message 112 to peer 0x5d1d7d59b1a0 (12 bytes)
1771458070.538780 sending message 112 to peer 0x5d1d7d59b1a0 (10 bytes)
1771458070.538788 sending message 112 to peer 0x5d1d7d59b1a0 (12 bytes)
1771458070.538797 sending message 112 to peer 0x5d1d7d59b1a0 (12 bytes)
1771458070.538805 sending message 112 to peer 0x5d1d7d59b1a0 (12 bytes)
1771458070.538814 sending message 112 to peer 0x5d1d7d59b1a0 (13 bytes)
1771458070.538823 sending message 112 to peer 0x5d1d7d59b1a0 (13 bytes)
1771458070.538831 sending message 112 to peer 0x5d1d7d59b1a0 (13 bytes)
1771458070.538840 sending message 112 to peer 0x5d1d7d59b1a0 (13 bytes)
1771458070.538848 sending message 112 to peer 0x5d1d7d59b1a0 (13 bytes)
1771458070.538857 sending message 112 to peer 0x5d1d7d59b1a0 (13 bytes)
1771458070.538865 sending message 112 to peer 0x5d1d7d59b1a0 (13 bytes)
1771458070.538874 sending message 112 to peer 0x5d1d7d59b1a0 (10 bytes)
1771458070.538882 sending message 112 to peer 0x5d1d7d59b1a0 (13 bytes)
1771458070.538891 sending message 112 to peer 0x5d1d7d59b1a0 (12 bytes)
1771458070.538900 sending message 112 to peer 0x5d1d7d59b1a0 (12 bytes)
1771458070.538908 sending message 112 to peer 0x5d1d7d59b1a0 (12 bytes)
1771458070.538917 sending message 112 to peer 0x5d1d7d59b1a0 (10 bytes)
1771458070.538925 sending message 112 to peer 0x5d1d7d59b1a0 (10 bytes)
1771458070.538934 sending message 112 to peer 0x5d1d7d59b1a0 (10 bytes)
1771458070.538942 sending message 112 to peer 0x5d1d7d59b1a0 (12 bytes)
1771458070.538951 sending message 112 to peer 0x5d1d7d59b1a0 (13 bytes)
1771458070.538959 sending message 112 to peer 0x5d1d7d59b1a0 (13 bytes)
1771458070.538968 sending message 112 to peer 0x5d1d7d59b1a0 (13 bytes)
1771458070.538977 sending message 112 to peer 0x5d1d7d59b1a0 (13 bytes)
1771458070.538985 sending message 112 to peer 0x5d1d7d59b1a0 (13 bytes)
1771458070.538994 sending message 112 to peer 0x5d1d7d59b1a0 (11 bytes)
1771458070.539002 sending message 112 to peer 0x5d1d7d59b1a0 (11 bytes)
1771458070.539011 sending message 112 to peer 0x5d1d7d59b1a0 (12 bytes)
1771458070.539020 sending message 112 to peer 0x5d1d7d59b1a0 (12 bytes)
1771458070.539028 sending message 112 to peer 0x5d1d7d59b1a0 (12 bytes)
1771458070.539037 sending message 112 to peer 0x5d1d7d59b1a0 (12 bytes)
1771458070.539045 sending message 112 to peer 0x5d1d7d59b1a0 (12 bytes)
1771458070.539054 sending message 112 to peer 0x5d1d7d59b1a0 (11 bytes)
1771458070.539063 sending message 112 to peer 0x5d1d7d59b1a0 (12 bytes)
1771458070.539071 sending message 112 to peer 0x5d1d7d59b1a0 (12 bytes)
1771458070.539080 sending message 112 to peer 0x5d1d7d59b1a0 (13 bytes)
1771458070.539088 sending message 112 to peer 0x5d1d7d59b1a0 (13 bytes)
1771458070.539097 sending message 112 to peer 0x5d1d7d59b1a0 (13 bytes)
1771458070.539106 sending message 112 to peer 0x5d1d7d59b1a0 (13 bytes)
1771458070.539114 sending message 112 to peer 0x5d1d7d59b1a0 (13 bytes)
1771458070.539123 sending message 112 to peer 0x5d1d7d59b1a0 (10 bytes)
1771458070.539132 sending message 112 to peer 0x5d1d7d59b1a0 (9 bytes)
1771458070.539140 sending message 112 to peer 0x5d1d7d59b1a0 (12 bytes)
1771458070.539149 sending message 112 to peer 0x5d1d7d59b1a0 (13 bytes)
1771458070.539158 sending message 112 to peer 0x5d1d7d59b1a0 (13 bytes)
1771458070.539166 sending message 112 to peer 0x5d1d7d59b1a0 (13 bytes)
1771458070.539175 sending message 112 to peer 0x5d1d7d59b1a0 (13 bytes)
1771458070.539183 sending message 112 to peer 0x5d1d7d59b1a0 (13 bytes)
1771458070.539200 sending message 112 to peer 0x5d1d7d59b1a0 (9 bytes)
1771458070.539209 sending message 112 to peer 0x5d1d7d59b1a0 (12 bytes)
1771458070.539218 sending message 112 to peer 0x5d1d7d59b1a0 (13 bytes)
1771458070.539226 sending message 112 to peer 0x5d1d7d59b1a0 (13 bytes)
1771458070.539235 sending message 112 to peer 0x5d1d7d59b1a0 (13 bytes)
1771458070.539259 sending message 112 to peer 0x5d1d7d59b1a0 (13 bytes)
1771458070.539273 sending message 112 to peer 0x5d1d7d59b1a0 (13 bytes)
1771458070.539281 sending message 112 to peer 0x5d1d7d59b1a0 (11 bytes)
1771458070.539290 sending message 112 to peer 0x5d1d7d59b1a0 (12 bytes)
1771458070.539298 sending message 112 to peer 0x5d1d7d59b1a0 (13 bytes)
1771458070.539307 sending message 112 to peer 0x5d1d7d59b1a0 (13 bytes)
1771458070.539316 sending message 112 to peer 0x5d1d7d59b1a0 (13 bytes)
1771458070.539325 sending message 112 to peer 0x5d1d7d59b1a0 (13 bytes)
1771458070.539333 sending message 112 to peer 0x5d1d7d59b1a0 (13 bytes)
1771458070.539342 sending message 112 to peer 0x5d1d7d59b1a0 (11 bytes)
1771458070.539351 sending message 112 to peer 0x5d1d7d59b1a0 (12 bytes)
1771458070.539360 sending message 112 to peer 0x5d1d7d59b1a0 (12 bytes)
1771458070.539368 sending message 112 to peer 0x5d1d7d59b1a0 (12 bytes)
1771458070.539377 sending message 112 to peer 0x5d1d7d59b1a0 (12 bytes)
1771458070.539387 sending message 112 to peer 0x5d1d7d59b1a0 (12 bytes)
1771458070.539396 sending message 112 to peer 0x5d1d7d59b1a0 (21 bytes)
1771458070.539404 sending message 112 to peer 0x5d1d7d59b1a0 (12 bytes)
1771458070.539413 sending message 112 to peer 0x5d1d7d59b1a0 (9 bytes)
1771458070.539422 sending message 112 to peer 0x5d1d7d59b1a0 (6 bytes)
1771458070.539431 sending message 112 to peer 0x5d1d7d59b1a0 (13 bytes)
1771458070.539440 sending message 112 to peer 0x5d1d7d59b1a0 (8 bytes)
1771458070.539449 sending message 112 to peer 0x5d1d7d59b1a0 (15 bytes)
1771458070.539458 sending message 112 to peer 0x5d1d7d59b1a0 (13 bytes)
1771458070.539466 sending message 112 to peer 0x5d1d7d59b1a0 (9 bytes)
1771458070.539475 sending message 112 to peer 0x5d1d7d59b1a0 (70 bytes)
1771458070.539484 sending message 112 to peer 0x5d1d7d59b1a0 (69 bytes)
1771458070.539493 sending message 112 to peer 0x5d1d7d59b1a0 (10 bytes)
1771458070.539502 sending message 112 to peer 0x5d1d7d59b1a0 (10 bytes)
1771458070.539511 sending message 112 to peer 0x5d1d7d59b1a0 (8 bytes)
1771458070.539520 sending message 112 to peer 0x5d1d7d59b1a0 (15 bytes)
1771458070.539528 sending message 112 to peer 0x5d1d7d59b1a0 (13 bytes)
1771458070.539538 sending message 112 to peer 0x5d1d7d59b1a0 (10 bytes)
1771458070.539547 sending message 112 to peer 0x5d1d7d59b1a0 (10 bytes)
1771458070.539556 sending message 112 to peer 0x5d1d7d59b1a0 (17 bytes)
1771458070.539565 sending message 112 to peer 0x5d1d7d59b1a0 (10 bytes)
1771458070.539574 sending message 112 to peer 0x5d1d7d59b1a0 (13 bytes)
1771458070.539583 sending message 112 to peer 0x5d1d7d59b1a0 (9 bytes)
1771458070.539592 sending message 112 to peer 0x5d1d7d59b1a0 (5 bytes)
1771458070.539601 sending message 112 to peer 0x5d1d7d59b1a0 (15 bytes)
1771458070.539614 sending message 104 to peer 0x5d1d7d59b1a0 (0 bytes)
1771458070.539625 sending message 110 to peer 0x5d1d7d59b1a0 (0 bytes)
1771458070.539638 sending message 107 to peer 0x5d1d7d59b1a0 (4 bytes)
1771458070.539647 sending message 105 to peer 0x5d1d7d59b1a0 (39 bytes)
1771458070.539656 sending message 105 to peer 0x5d1d7d59b1a0 (56 bytes)
1771458070.539665 sending message 105 to peer 0x5d1d7d59b1a0 (29 bytes)
1771458070.539674 sending message 105 to peer 0x5d1d7d59b1a0 (23 bytes)
1771458070.539683 sending message 105 to peer 0x5d1d7d59b1a0 (20 bytes)
1771458070.539692 sending message 105 to peer 0x5d1d7d59b1a0 (54 bytes)
1771458070.539702 sending message 105 to peer 0x5d1d7d59b1a0 (47 bytes)
1771458070.539712 sending message 105 to peer 0x5d1d7d59b1a0 (19 bytes)
1771458070.539720 sending message 105 to peer 0x5d1d7d59b1a0 (11 bytes)
1771458070.539729 sending message 105 to peer 0x5d1d7d59b1a0 (14 bytes)
1771458070.539761 sending message 105 to peer 0x5d1d7d59b1a0 (52 bytes)
1771458070.539770 sending message 105 to peer 0x5d1d7d59b1a0 (35 bytes)
1771458070.539779 sending message 105 to peer 0x5d1d7d59b1a0 (19 bytes)
1771458070.539788 sending message 105 to peer 0x5d1d7d59b1a0 (28 bytes)
1771458070.539796 sending message 105 to peer 0x5d1d7d59b1a0 (16 bytes)
1771458070.539805 sending message 105 to peer 0x5d1d7d59b1a0 (41 bytes)
1771458070.539815 sending message 105 to peer 0x5d1d7d59b1a0 (17 bytes)
1771458070.539824 sending message 105 to peer 0x5d1d7d59b1a0 (8 bytes)
1771458070.539833 sending message 105 to peer 0x5d1d7d59b1a0 (13 bytes)
1771458070.539842 sending message 105 to peer 0x5d1d7d59b1a0 (32 bytes)
1771458070.539851 sending message 105 to peer 0x5d1d7d59b1a0 (1817 bytes)
1771458070.539896 sending message 105 to peer 0x5d1d7d59b1a0 (39 bytes)
1771458070.539906 sending message 105 to peer 0x5d1d7d59b1a0 (11 bytes)
1771458070.539916 sending message 105 to peer 0x5d1d7d59b1a0 (422 bytes)
1771458070.539926 sending message 105 to peer 0x5d1d7d59b1a0 (28 bytes)
1771458070.539935 sending message 105 to peer 0x5d1d7d59b1a0 (29 bytes)
1771458070.539943 sending message 105 to peer 0x5d1d7d59b1a0 (17 bytes)
1771458070.539952 sending message 105 to peer 0x5d1d7d59b1a0 (24 bytes)
1771458070.539961 sending message 105 to peer 0x5d1d7d59b1a0 (19 bytes)
1771458070.539970 sending message 105 to peer 0x5d1d7d59b1a0 (18 bytes)
1771458070.539979 sending message 105 to peer 0x5d1d7d59b1a0 (19 bytes)
1771458070.539988 sending message 105 to peer 0x5d1d7d59b1a0 (8 bytes)
1771458070.539997 sending message 105 to peer 0x5d1d7d59b1a0 (51 bytes)
1771458070.540005 sending message 105 to peer 0x5d1d7d59b1a0 (19 bytes)
1771458070.540014 sending message 105 to peer 0x5d1d7d59b1a0 (18 bytes)
1771458070.540023 sending message 105 to peer 0x5d1d7d59b1a0 (25 bytes)
1771458070.540031 sending message 105 to peer 0x5d1d7d59b1a0 (36 bytes)
1771458070.540040 sending message 105 to peer 0x5d1d7d59b1a0 (13 bytes)
1771458070.540049 sending message 105 to peer 0x5d1d7d59b1a0 (10 bytes)
1771458070.540058 sending message 105 to peer 0x5d1d7d59b1a0 (14 bytes)
1771458070.540067 sending message 105 to peer 0x5d1d7d59b1a0 (18 bytes)
1771458070.540076 sending message 105 to peer 0x5d1d7d59b1a0 (13 bytes)
1771458070.540084 sending message 105 to peer 0x5d1d7d59b1a0 (41 bytes)
1771458070.540094 sending message 105 to peer 0x5d1d7d59b1a0 (41 bytes)
1771458070.540103 sending message 105 to peer 0x5d1d7d59b1a0 (23 bytes)
1771458070.540112 sending message 105 to peer 0x5d1d7d59b1a0 (98 bytes)
1771458070.540121 sending message 105 to peer 0x5d1d7d59b1a0 (31 bytes)
1771458070.540130 sending message 105 to peer 0x5d1d7d59b1a0 (15 bytes)
1771458070.540138 sending message 105 to peer 0x5d1d7d59b1a0 (23 bytes)
1771458070.540147 sending message 105 to peer 0x5d1d7d59b1a0 (23 bytes)
1771458070.540157 sending message 105 to peer 0x5d1d7d59b1a0 (17 bytes)
1771458070.540166 sending message 105 to peer 0x5d1d7d59b1a0 (21 bytes)
1771458070.540184 sending message 105 to peer 0x5d1d7d59b1a0 (11 bytes)
1771458070.540205 sending message 105 to peer 0x5d1d7d59b1a0 (20 bytes)
1771458070.540225 sending message 105 to peer 0x5d1d7d59b1a0 (26 bytes)
1771458070.540236 sending message 105 to peer 0x5d1d7d59b1a0 (16 bytes)
1771458070.540443 sending message 106 to peer 0x5d1d7d59b1a0 (0 bytes)
1771458070.540629 sending message 200 to peer 0x5d1d7d59b1a0 (4 bytes)
1771458070.540640 client loop enter
1771458070.541952 peer 0x5d1d7d59b1a0 message 303
1771458070.541981 open write file 2 -
1771458070.542007 sending message 305 to peer 0x5d1d7d59b1a0 (8 bytes)
1771458070.542048 write check file 2
1771458070.542584 peer 0x5d1d7d59b1a0 message 304
1771458070.542614 write 58 to file 2
1771458070.542628 peer 0x5d1d7d59b1a0 message 203
1771458070.542637 file 2 58 bytes left
1771458070.542687 write check file 2
1771458070.542704 client loop exit
